<?xml version="1.0" encoding="UTF-8"?>
<testng-results skipped="0" failed="0" ignored="0" total="1" passed="1">
  <reporter-output>
  </reporter-output>
  <suite name="Default suite" duration-ms="55812" started-at="2019-04-09T23:04:29Z" finished-at="2019-04-09T23:05:25Z">
    <groups>
    </groups>
    <test name="Default test" duration-ms="55812" started-at="2019-04-09T23:04:29Z" finished-at="2019-04-09T23:05:25Z">
      <class name="testcases.TC2">
        <test-method status="PASS" signature="logincheck()[pri:0, instance:testcases.TC2@3e6fa38a]" name="logincheck" duration-ms="55653" started-at="2019-04-09T23:04:29Z" finished-at="2019-04-09T23:05:25Z">
          <reporter-output>
          </reporter-output>
        </test-method> <!-- logincheck -->
      </class> <!-- testcases.TC2 -->
    </test> <!-- Default test -->
  </suite> <!-- Default suite -->
</testng-results>
